Determining if the pthread_create exist failed with the following output:
Change Dir: /home/lowell/asst2_meshedit/build/CMakeFiles/CMakeTmp

Run Build Command:"/usr/bin/make" "cmTC_45691/fast"
/usr/bin/make -f CMakeFiles/cmTC_45691.dir/build.make CMakeFiles/cmTC_45691.dir/build
make[1]: Entering directory '/home/lowell/asst2_meshedit/build/CMakeFiles/CMakeTmp'
Building C object CMakeFiles/cmTC_45691.dir/CheckSymbolExists.c.o
/usr/bin/cc     -o CMakeFiles/cmTC_45691.dir/CheckSymbolExists.c.o   -c /home/lowell/asst2_meshedit/build/CMakeFiles/CMakeTmp/CheckSymbolExists.c
Linking C executable cmTC_45691
/usr/bin/cmake -E cmake_link_script CMakeFiles/cmTC_45691.dir/link.txt --verbose=1
/usr/bin/cc       CMakeFiles/cmTC_45691.dir/CheckSymbolExists.c.o  -o cmTC_45691 -rdynamic 
CMakeFiles/cmTC_45691.dir/CheckSymbolExists.c.o: In function `main':
CheckSymbolExists.c:(.text+0x16): undefined reference to `pthread_create'
collect2: error: ld returned 1 exit status
CMakeFiles/cmTC_45691.dir/build.make:97: recipe for target 'cmTC_45691' failed
make[1]: *** [cmTC_45691] Error 1
make[1]: Leaving directory '/home/lowell/asst2_meshedit/build/CMakeFiles/CMakeTmp'
Makefile:126: recipe for target 'cmTC_45691/fast' failed
make: *** [cmTC_45691/fast] Error 2

File /home/lowell/asst2_meshedit/build/CMakeFiles/CMakeTmp/CheckSymbolExists.c:
/* */
#include <pthread.h>

int main(int argc, char** argv)
{
  (void)argv;
#ifndef pthread_create
  return ((int*)(&pthread_create))[argc];
#else
  (void)argc;
  return 0;
#endif
}

Determining if the function pthread_create exists in the pthreads failed with the following output:
Change Dir: /home/lowell/asst2_meshedit/build/CMakeFiles/CMakeTmp

Run Build Command:"/usr/bin/make" "cmTC_c7485/fast"
/usr/bin/make -f CMakeFiles/cmTC_c7485.dir/build.make CMakeFiles/cmTC_c7485.dir/build
make[1]: Entering directory '/home/lowell/asst2_meshedit/build/CMakeFiles/CMakeTmp'
Building C object CMakeFiles/cmTC_c7485.dir/CheckFunctionExists.c.o
/usr/bin/cc    -DCHECK_FUNCTION_EXISTS=pthread_create   -o CMakeFiles/cmTC_c7485.dir/CheckFunctionExists.c.o   -c /usr/share/cmake-3.5/Modules/CheckFunctionExists.c
Linking C executable cmTC_c7485
/usr/bin/cmake -E cmake_link_script CMakeFiles/cmTC_c7485.dir/link.txt --verbose=1
/usr/bin/cc   -DCHECK_FUNCTION_EXISTS=pthread_create    CMakeFiles/cmTC_c7485.dir/CheckFunctionExists.c.o  -o cmTC_c7485 -rdynamic -lpthreads 
/usr/bin/ld: cannot find -lpthreads
collect2: error: ld returned 1 exit status
CMakeFiles/cmTC_c7485.dir/build.make:97: recipe for target 'cmTC_c7485' failed
make[1]: *** [cmTC_c7485] Error 1
make[1]: Leaving directory '/home/lowell/asst2_meshedit/build/CMakeFiles/CMakeTmp'
Makefile:126: recipe for target 'cmTC_c7485/fast' failed
make: *** [cmTC_c7485/fast] Error 2


Determining if the function glXGetProcAddressEXT exists failed with the following output:
Change Dir: /home/lowell/asst2_meshedit/build/CMakeFiles/CMakeTmp

Run Build Command:"/usr/bin/make" "cmTC_45b47/fast"
/usr/bin/make -f CMakeFiles/cmTC_45b47.dir/build.make CMakeFiles/cmTC_45b47.dir/build
make[1]: Entering directory '/home/lowell/asst2_meshedit/build/CMakeFiles/CMakeTmp'
Building C object CMakeFiles/cmTC_45b47.dir/CheckFunctionExists.c.o
/usr/bin/cc    -DCHECK_FUNCTION_EXISTS=glXGetProcAddressEXT   -o CMakeFiles/cmTC_45b47.dir/CheckFunctionExists.c.o   -c /usr/share/cmake-3.5/Modules/CheckFunctionExists.c
Linking C executable cmTC_45b47
/usr/bin/cmake -E cmake_link_script CMakeFiles/cmTC_45b47.dir/link.txt --verbose=1
/usr/bin/cc   -DCHECK_FUNCTION_EXISTS=glXGetProcAddressEXT    CMakeFiles/cmTC_45b47.dir/CheckFunctionExists.c.o  -o cmTC_45b47 -rdynamic /usr/lib/x86_64-linux-gnu/libGL.so 
CMakeFiles/cmTC_45b47.dir/CheckFunctionExists.c.o: In function `main':
CheckFunctionExists.c:(.text+0x15): undefined reference to `glXGetProcAddressEXT'
collect2: error: ld returned 1 exit status
CMakeFiles/cmTC_45b47.dir/build.make:98: recipe for target 'cmTC_45b47' failed
make[1]: *** [cmTC_45b47] Error 1
make[1]: Leaving directory '/home/lowell/asst2_meshedit/build/CMakeFiles/CMakeTmp'
Makefile:126: recipe for target 'cmTC_45b47/fast' failed
make: *** [cmTC_45b47/fast] Error 2


